{
  "RSpec": {
    "coverage": {
      "/Users/ashwin/Turing/storedom/spec/features/displays_items_spec.rb": [
        1,
        null,
        1,
        1,
        1,
        1,
        1,
        1,
        null,
        1,
        1,
        1,
        null,
        1,
        1,
        null,
        null,
        null,
        1,
        1,
        1,
        1,
        1,
        1,
        1,
        null,
        1,
        1,
        null,
        null,
        null,
        1,
        1,
        1,
        1,
        1,
        1,
        1,
        null,
        1,
        null,
        null,
        null,
        null
      ],
      "/Users/ashwin/Turing/storedom/spec/rails_helper.rb": [
        1,
        1,
        1,
        1,
        1,
        1,
        null,
        1,
        null,
        1,
        null,
        4,
        null,
        1,
        null,
        1,
        1,
        1,
        1,
        null,
        1,
        null,
        1,
        1,
        1,
        null,
        1,
        null,
        1,
        null,
        null,
        null,
        null,
        null,
        1,
        1,
        1,
        null
      ],
      "/Users/ashwin/Turing/storedom/config/environment.rb": [
        null,
        1,
        null,
        null,
        1
      ],
      "/Users/ashwin/Turing/storedom/config/application.rb": [
        1,
        null,
        1,
        null,
        null,
        null,
        1,
        null,
        1,
        1,
        null,
        null,
        null,
        null,
        null,
        null,
        null,
        null,
        null,
        null,
        null,
        1,
        null,
        null
      ],
      "/Users/ashwin/Turing/storedom/config/boot.rb": [
        null,
        1,
        null,
        1
      ],
      "/Users/ashwin/Turing/storedom/config/environments/test.rb": [
        1,
        null,
        null,
        null,
        null,
        null,
        null,
        1,
        null,
        null,
        null,
        null,
        1,
        null,
        null,
        1,
        1,
        null,
        null,
        1,
        1,
        null,
        null,
        1,
        null,
        null,
        1,
        null,
        null,
        null,
        null,
        1,
        null,
        null,
        1,
        null
      ],
      "/Users/ashwin/Turing/storedom/config/initializers/assets.rb": [
        null,
        null,
        null,
        1,
        null,
        null,
        null,
        null
      ],
      "/Users/ashwin/Turing/storedom/config/initializers/backtrace_silencers.rb": [
        null,
        null,
        null,
        null,
        null,
        null,
        null
      ],
      "/Users/ashwin/Turing/storedom/config/initializers/cookies_serializer.rb": [
        null,
        null,
        1
      ],
      "/Users/ashwin/Turing/storedom/config/initializers/filter_parameter_logging.rb": [
        null,
        null,
        null,
        1
      ],
      "/Users/ashwin/Turing/storedom/config/initializers/inflections.rb": [
        null,
        null,
        null,
        null,
        null,
        null,
        null,
        null,
        null,
        null,
        null,
        null,
        null,
        null,
        null,
        null
      ],
      "/Users/ashwin/Turing/storedom/config/initializers/mime_types.rb": [
        null,
        null,
        null,
        null
      ],
      "/Users/ashwin/Turing/storedom/config/initializers/session_store.rb": [
        null,
        null,
        1
      ],
      "/Users/ashwin/Turing/storedom/config/initializers/wrap_parameters.rb": [
        null,
        null,
        null,
        null,
        null,
        null,
        1,
        1,
        null,
        null,
        null,
        null,
        null,
        null
      ],
      "/Users/ashwin/Turing/storedom/spec/factories/items.rb": [
        1,
        1,
        4,
        4,
        1,
        1,
        1,
        null,
        null,
        null
      ],
      "/Users/ashwin/Turing/storedom/config/routes.rb": [
        1,
        1,
        null,
        1,
        1,
        1,
        null
      ],
      "/Users/ashwin/Turing/storedom/app/helpers/application_helper.rb": [
        1,
        null
      ],
      "/Users/ashwin/Turing/storedom/app/helpers/items_helper.rb": [
        1,
        null
      ],
      "/Users/ashwin/Turing/storedom/app/helpers/orders_helper.rb": [
        1,
        null
      ],
      "/Users/ashwin/Turing/storedom/app/helpers/users_helper.rb": [
        1,
        null
      ],
      "/Users/ashwin/Turing/storedom/spec/support/capybara.rb": [
        1,
        1
      ],
      "/Users/ashwin/Turing/storedom/spec/support/database_cleaner.rb": [
        1,
        null,
        1,
        null,
        1,
        1,
        null,
        0,
        null,
        null,
        null,
        null,
        null,
        null,
        null,
        null,
        null,
        null,
        null,
        null,
        null,
        null,
        null,
        null,
        null,
        1,
        1,
        null,
        null,
        1,
        4,
        null,
        null,
        1,
        null,
        4,
        4,
        4,
        null,
        0,
        null,
        null,
        null,
        1,
        4,
        null,
        null,
        1,
        4,
        null,
        null,
        null
      ],
      "/Users/ashwin/Turing/storedom/spec/support/shoulda_matchers.rb": [
        1,
        1,
        1,
        null,
        1,
        null,
        null
      ],
      "/Users/ashwin/Turing/storedom/app/models/item.rb": [
        1,
        1,
        1,
        null
      ],
      "/Users/ashwin/Turing/storedom/app/controllers/items_controller.rb": [
        1,
        1,
        1,
        null,
        null,
        1,
        0,
        null,
        null
      ],
      "/Users/ashwin/Turing/storedom/app/controllers/application_controller.rb": [
        1,
        null,
        null,
        1,
        null
      ]
    },
    "timestamp": 1465881613
  }
}
