{
  "RSpec": {
    "coverage": {
      "/Users/ashwin/Turing/storedom/spec/features/displays_items_spec.rb": [
        1,
        null,
        1,
        1,
        1,
        1,
        1,
        1,
        null,
        null,
        1,
        1,
        1,
        1,
        1,
        1,
        1,
        null,
        1,
        1,
        null,
        null,
        null,
        1,
        1,
        1,
        1,
        1,
        1,
        1,
        null,
        1,
        null,
        null,
        null,
        null
      ],
      "/Users/ashwin/Turing/storedom/spec/rails_helper.rb": [
        1,
        1,
        1,
        1,
        1,
        1,
        null,
        1,
        null,
        1,
        null,
        4,
        null,
        1,
        null,
        1,
        1,
        1,
        1,
        null,
        1,
        null,
        1,
        1,
        1,
        null,
        1,
        null,
        1,
        null,
        null,
        null,
        null,
        null,
        1,
        1,
        1,
        null
      ],
      "/Users/ashwin/Turing/storedom/config/environment.rb": [
        null,
        1,
        null,
        null,
        1
      ],
      "/Users/ashwin/Turing/storedom/config/application.rb": [
        1,
        null,
        1,
        null,
        null,
        null,
        1,
        null,
        1,
        1,
        null,
        null,
        null,
        null,
        null,
        null,
        null,
        null,
        null,
        null,
        null,
        1,
        null,
        null
      ],
      "/Users/ashwin/Turing/storedom/config/boot.rb": [
        null,
        1,
        null,
        1
      ],
      "/Users/ashwin/Turing/storedom/config/environments/test.rb": [
        1,
        null,
        null,
        null,
        null,
        null,
        null,
        1,
        null,
        null,
        null,
        null,
        1,
        null,
        null,
        1,
        1,
        null,
        null,
        1,
        1,
        null,
        null,
        1,
        null,
        null,
        1,
        null,
        null,
        null,
        null,
        1,
        null,
        null,
        1,
        null
      ],
      "/Users/ashwin/Turing/storedom/config/initializers/assets.rb": [
        null,
        null,
        null,
        1,
        null,
        null,
        null,
        null
      ],
      "/Users/ashwin/Turing/storedom/config/initializers/backtrace_silencers.rb": [
        null,
        null,
        null,
        null,
        null,
        null,
        null
      ],
      "/Users/ashwin/Turing/storedom/config/initializers/cookies_serializer.rb": [
        null,
        null,
        1
      ],
      "/Users/ashwin/Turing/storedom/config/initializers/filter_parameter_logging.rb": [
        null,
        null,
        null,
        1
      ],
      "/Users/ashwin/Turing/storedom/config/initializers/inflections.rb": [
        null,
        null,
        null,
        null,
        null,
        null,
        null,
        null,
        null,
        null,
        null,
        null,
        null,
        null,
        null,
        null
      ],
      "/Users/ashwin/Turing/storedom/config/initializers/mime_types.rb": [
        null,
        null,
        null,
        null
      ],
      "/Users/ashwin/Turing/storedom/config/initializers/session_store.rb": [
        null,
        null,
        1
      ],
      "/Users/ashwin/Turing/storedom/config/initializers/wrap_parameters.rb": [
        null,
        null,
        null,
        null,
        null,
        null,
        1,
        1,
        null,
        null,
        null,
        null,
        null,
        null
      ],
      "/Users/ashwin/Turing/storedom/spec/factories/items.rb": [
        1,
        1,
        35,
        35,
        1,
        1,
        1,
        null,
        null,
        null
      ],
      "/Users/ashwin/Turing/storedom/config/routes.rb": [
        1,
        1,
        null,
        1,
        1,
        1,
        null,
        1,
        1,
        1,
        1,
        1,
        null,
        null,
        1,
        null,
        1,
        null,
        null
      ],
      "/Users/ashwin/Turing/storedom/app/helpers/application_helper.rb": [
        1,
        null
      ],
      "/Users/ashwin/Turing/storedom/app/helpers/items_helper.rb": [
        1,
        null
      ],
      "/Users/ashwin/Turing/storedom/app/helpers/orders_helper.rb": [
        1,
        null
      ],
      "/Users/ashwin/Turing/storedom/app/helpers/users_helper.rb": [
        1,
        null
      ],
      "/Users/ashwin/Turing/storedom/spec/support/capybara.rb": [
        1,
        1
      ],
      "/Users/ashwin/Turing/storedom/spec/support/database_cleaner.rb": [
        1,
        null,
        1,
        null,
        1,
        1,
        null,
        0,
        null,
        null,
        null,
        null,
        null,
        null,
        null,
        null,
        null,
        null,
        null,
        null,
        null,
        null,
        null,
        null,
        null,
        1,
        1,
        null,
        null,
        1,
        12,
        null,
        null,
        1,
        null,
        5,
        5,
        5,
        null,
        0,
        null,
        null,
        null,
        1,
        12,
        null,
        null,
        1,
        12,
        null,
        null,
        null
      ],
      "/Users/ashwin/Turing/storedom/spec/support/shoulda_matchers.rb": [
        1,
        1,
        1,
        null,
        1,
        null,
        null
      ],
      "/Users/ashwin/Turing/storedom/spec/features/user_can_dive_into_zip_search_results_spec.rb": [
        1,
        null,
        1,
        1,
        1,
        1,
        null,
        null,
        null,
        null,
        null,
        null,
        null,
        null,
        null,
        null,
        null,
        null,
        null,
        1,
        1,
        1,
        1,
        null,
        null,
        1,
        null,
        1,
        null,
        1,
        1,
        null,
        null,
        0,
        0,
        0,
        0,
        null,
        null,
        0,
        0,
        0,
        0,
        0,
        0,
        0,
        0,
        null,
        null,
        null,
        null,
        null,
        null,
        null,
        null
      ],
      "/Users/ashwin/Turing/storedom/spec/features/user_can_search_stores_spec.rb": [
        1,
        null,
        1,
        1,
        1,
        1,
        null,
        null,
        null,
        null,
        null,
        null,
        null,
        1,
        1,
        1,
        1,
        null,
        null,
        1,
        null,
        1,
        null,
        null,
        null,
        null,
        1,
        1,
        1,
        1,
        1,
        1,
        null,
        null,
        null,
        null,
        null,
        null
      ],
      "/Users/ashwin/Turing/storedom/spec/models/item_spec.rb": [
        1,
        null,
        1,
        2,
        2,
        null
      ],
      "/Users/ashwin/Turing/storedom/app/models/item.rb": [
        1,
        1,
        1,
        null
      ],
      "/Users/ashwin/Turing/storedom/spec/models/store_spec.rb": [
        1,
        null,
        1,
        1,
        1,
        1,
        null,
        1,
        1,
        1,
        1,
        1,
        1,
        1,
        null,
        null,
        null
      ],
      "/Users/ashwin/Turing/storedom/app/models/store.rb": [
        1,
        null,
        1,
        null,
        1,
        45,
        45,
        45,
        45,
        45,
        null,
        null,
        1,
        3,
        3,
        45,
        null,
        3,
        null,
        null
      ],
      "/Users/ashwin/Turing/storedom/spec/requests/api_v1_items_spec.rb": [
        1,
        null,
        1,
        1,
        1,
        null,
        1,
        null,
        1,
        10,
        null,
        null,
        1,
        1,
        null,
        1,
        1,
        1,
        1,
        1,
        1,
        1,
        1,
        1,
        null,
        null,
        null,
        1,
        1,
        null,
        1,
        10,
        null,
        null,
        1,
        null,
        1,
        1,
        1,
        1,
        1,
        1,
        1,
        1,
        null,
        null,
        null,
        1,
        null,
        1,
        null,
        1,
        10,
        null,
        null,
        1,
        null,
        1,
        1,
        1,
        null,
        null,
        null,
        1,
        1,
        null,
        1,
        null,
        1,
        null,
        1,
        1,
        1,
        1,
        1,
        1,
        1,
        1,
        null,
        null,
        null,
        null
      ],
      "/Users/ashwin/Turing/storedom/app/controllers/welcome_controller.rb": [
        1,
        null,
        1,
        null,
        null,
        null
      ],
      "/Users/ashwin/Turing/storedom/app/controllers/application_controller.rb": [
        1,
        null,
        null,
        1,
        null
      ],
      "/Users/ashwin/Turing/storedom/app/controllers/search_controller.rb": [
        1,
        null,
        1,
        2,
        null,
        null,
        null
      ],
      "/Users/ashwin/Turing/storedom/app/services/best_buy_service.rb": [
        1,
        null,
        1,
        null,
        1,
        3,
        3,
        3,
        3,
        null,
        3,
        null,
        null,
        1,
        3,
        3,
        3,
        3,
        3,
        3,
        3,
        null,
        3,
        null,
        null,
        null,
        null,
        null
      ],
      "/Users/ashwin/Turing/storedom/app/controllers/stores_controller.rb": [
        1,
        null,
        1,
        null,
        null,
        null
      ],
      "/Users/ashwin/Turing/storedom/app/models/order_item.rb": [
        1,
        1,
        1,
        null
      ],
      "/Users/ashwin/Turing/storedom/app/models/order.rb": [
        1,
        1,
        null,
        1,
        1,
        null
      ],
      "/Users/ashwin/Turing/storedom/app/controllers/api/v1/items_controller.rb": [
        1,
        null,
        1,
        1,
        null,
        null,
        1,
        1,
        null,
        null,
        1,
        1,
        1,
        null,
        null,
        1,
        1,
        null,
        null,
        1,
        null,
        1,
        1,
        null,
        null,
        null
      ],
      "/Users/ashwin/Turing/storedom/app/controllers/api_controller.rb": [
        1,
        1,
        null
      ],
      "/Users/ashwin/Turing/storedom/app/serializers/item_serializer.rb": [
        1,
        1,
        null
      ]
    },
    "timestamp": 1465927246
  }
}
